TN:
SF:src\add.js
FN:16,(anonymous_0)
FNF:1
FNH:1
FNDA:2,(anonymous_0)
DA:16,2
LF:1
LH:1
BRF:0
BRH:0
end_of_record
TN:
SF:src\at.js
FN:19,(anonymous_0)
FNF:1
FNH:0
FNDA:0,(anonymous_0)
DA:19,0
LF:1
LH:0
BRF:0
BRH:0
end_of_record
TN:
SF:src\camelCase.js
FN:24,(anonymous_0)
FN:25,(anonymous_1)
FNF:2
FNH:2
FNDA:1,(anonymous_0)
FNDA:2,(anonymous_1)
DA:24,1
DA:25,1
DA:26,2
DA:27,2
LF:4
LH:4
BRDA:27,0,0,1
BRDA:27,0,1,1
BRF:2
BRH:2
end_of_record
TN:
SF:src\capitalize.js
FN:17,(anonymous_0)
FNF:1
FNH:1
FNDA:1,(anonymous_0)
DA:17,1
LF:1
LH:1
BRF:0
BRH:0
end_of_record
TN:
SF:src\castArray.js
FN:33,castArray
FNF:1
FNH:0
FNDA:0,castArray
DA:34,0
DA:35,0
LF:2
LH:0
BRDA:35,0,0,0
BRDA:35,0,1,0
BRF:2
BRH:0
end_of_record
TN:
SF:src\ceil.js
FNF:0
FNH:0
DA:22,1
LF:1
LH:1
BRF:0
BRH:0
end_of_record
TN:
SF:src\chunk.js
FN:22,chunk
FNF:1
FNH:1
FNDA:1,chunk
DA:23,1
DA:24,1
DA:25,1
DA:26,0
DA:28,1
DA:29,1
DA:30,1
DA:32,1
DA:33,2
DA:35,1
LF:10
LH:9
BRDA:22,0,0,0
BRDA:24,1,0,0
BRDA:24,1,1,1
BRDA:25,2,0,0
BRDA:25,2,1,1
BRDA:25,3,0,1
BRDA:25,3,1,1
BRF:7
BRH:4
end_of_record
TN:
SF:src\clamp.js
FN:18,clamp
FNF:1
FNH:1
FNDA:3,clamp
DA:19,3
DA:20,3
DA:21,3
DA:22,3
DA:23,3
DA:24,3
DA:25,3
DA:26,3
DA:28,3
LF:9
LH:9
BRDA:22,0,0,3
BRDA:22,0,1,0
BRDA:23,1,0,3
BRDA:23,1,1,0
BRDA:24,2,0,3
BRDA:24,2,1,0
BRDA:25,3,0,1
BRDA:25,3,1,2
BRDA:26,4,0,0
BRDA:26,4,1,3
BRF:10
BRH:6
end_of_record
TN:
SF:src\compact.js
FN:14,compact
FNF:1
FNH:1
FNDA:1,compact
DA:15,1
DA:16,1
DA:18,1
DA:19,6
DA:20,3
DA:23,1
LF:6
LH:6
BRDA:19,0,0,3
BRDA:19,0,1,3
BRF:2
BRH:2
end_of_record
TN:
SF:src\countBy.js
FN:29,countBy
FN:30,(anonymous_1)
FNF:2
FNH:2
FNDA:1,countBy
FNDA:3,(anonymous_1)
DA:5,1
DA:30,1
DA:31,3
DA:32,3
DA:33,1
DA:35,2
DA:37,3
LF:7
LH:7
BRDA:32,0,0,1
BRDA:32,0,1,2
BRF:2
BRH:2
end_of_record
TN:
SF:src\defaultTo.js
FN:19,defaultTo
FNF:1
FNH:1
FNDA:1,defaultTo
DA:20,1
LF:1
LH:1
BRDA:20,0,0,1
BRDA:20,0,1,0
BRF:2
BRH:1
end_of_record
TN:
SF:src\defaultToAny.js
FN:28,defaultToAny
FNF:1
FNH:0
FNDA:0,defaultToAny
DA:29,0
LF:1
LH:0
BRF:0
BRH:0
end_of_record
TN:
SF:src\difference.js
FN:24,difference
FNF:1
FNH:0
FNDA:0,difference
DA:25,0
LF:1
LH:0
BRDA:25,0,0,0
BRDA:25,0,1,0
BRF:2
BRH:0
end_of_record
TN:
SF:src\divide.js
FN:16,(anonymous_0)
FNF:1
FNH:1
FNDA:1,(anonymous_0)
DA:16,1
LF:1
LH:1
BRF:0
BRH:0
end_of_record
TN:
SF:src\drop.js
FN:26,drop
FNF:1
FNH:0
FNDA:0,drop
DA:27,0
DA:28,0
LF:2
LH:0
BRDA:26,0,0,0
BRDA:27,1,0,0
BRDA:27,1,1,0
BRDA:28,2,0,0
BRDA:28,2,1,0
BRDA:29,3,0,0
BRDA:29,3,1,0
BRF:7
BRH:0
end_of_record
TN:
SF:src\endsWith.js
FN:23,endsWith
FNF:1
FNH:0
FNDA:0,endsWith
DA:24,0
DA:25,0
DA:26,0
DA:27,0
DA:29,0
DA:30,0
DA:32,0
DA:33,0
DA:34,0
LF:9
LH:0
BRDA:25,0,0,0
BRDA:25,0,1,0
BRDA:26,1,0,0
BRDA:26,1,1,0
BRDA:26,2,0,0
BRDA:26,2,1,0
BRDA:29,3,0,0
BRDA:29,3,1,0
BRDA:34,4,0,0
BRDA:34,4,1,0
BRF:10
BRH:0
end_of_record
TN:
SF:src\eq.js
FN:31,eq
FNF:1
FNH:1
FNDA:1,eq
DA:32,1
LF:1
LH:1
BRDA:32,0,0,1
BRDA:32,0,1,0
BRDA:32,0,2,0
BRF:3
BRH:1
end_of_record
TN:
SF:src\every.js
FN:22,every
FNF:1
FNH:1
FNDA:1,every
DA:23,1
DA:24,1
DA:26,1
DA:27,2
DA:28,0
DA:31,1
LF:6
LH:5
BRDA:24,0,0,0
BRDA:24,0,1,1
BRDA:27,1,0,0
BRDA:27,1,1,2
BRF:4
BRH:2
end_of_record
TN:
SF:src\filter.js
FN:24,filter
FNF:1
FNH:1
FNDA:1,filter
DA:25,1
DA:26,1
DA:27,1
DA:28,1
DA:30,1
DA:31,3
DA:32,3
DA:33,2
DA:36,1
LF:9
LH:9
BRDA:27,0,0,0
BRDA:27,0,1,1
BRDA:32,1,0,2
BRDA:32,1,1,1
BRF:4
BRH:3
end_of_record
TN:
SF:src\get.js
FN:27,get
FNF:1
FNH:0
FNDA:0,get
DA:28,0
DA:29,0
LF:2
LH:0
BRDA:28,0,0,0
BRDA:28,0,1,0
BRDA:29,1,0,0
BRDA:29,1,1,0
BRF:4
BRH:0
end_of_record
TN:
SF:src\isArguments.js
FN:19,isArguments
FNF:1
FNH:0
FNDA:0,isArguments
DA:20,0
LF:1
LH:0
BRDA:20,0,0,0
BRDA:20,0,1,0
BRF:2
BRH:0
end_of_record
TN:
SF:src\isArrayLike.js
FN:26,isArrayLike
FNF:1
FNH:1
FNDA:1,isArrayLike
DA:27,1
LF:1
LH:1
BRDA:27,0,0,1
BRDA:27,0,1,1
BRDA:27,0,2,1
BRF:3
BRH:3
end_of_record
TN:
SF:src\isArrayLikeObject.js
FN:27,isArrayLikeObject
FNF:1
FNH:0
FNDA:0,isArrayLikeObject
DA:28,0
LF:1
LH:0
BRDA:28,0,0,0
BRDA:28,0,1,0
BRF:2
BRH:0
end_of_record
TN:
SF:src\isBoolean.js
FN:19,isBoolean
FNF:1
FNH:1
FNDA:1,isBoolean
DA:20,1
LF:1
LH:1
BRDA:20,0,0,1
BRDA:20,0,1,0
BRDA:20,0,2,0
BRDA:20,0,3,0
BRF:4
BRH:1
end_of_record
TN:
SF:src\isBuffer.js
FN:33,(anonymous_0)
FNF:1
FNH:0
FNDA:0,(anonymous_0)
DA:4,2
DA:7,2
DA:10,2
DA:13,2
DA:16,2
DA:33,2
LF:6
LH:6
BRDA:4,0,0,2
BRDA:4,0,1,0
BRDA:4,0,2,0
BRDA:4,0,3,0
BRDA:7,1,0,2
BRDA:7,1,1,0
BRDA:7,1,2,0
BRDA:7,1,3,0
BRDA:7,1,4,0
BRDA:10,2,0,2
BRDA:10,2,1,0
BRDA:13,3,0,0
BRDA:13,3,1,2
BRDA:16,4,0,0
BRDA:16,4,1,2
BRDA:33,5,0,2
BRDA:33,5,1,2
BRF:17
BRH:7
end_of_record
TN:
SF:src\isDate.js
FN:24,(anonymous_0)
FN:25,(anonymous_1)
FNF:2
FNH:0
FNDA:0,(anonymous_0)
FNDA:0,(anonymous_1)
DA:6,0
DA:23,0
DA:24,0
DA:25,0
LF:4
LH:0
BRDA:6,0,0,0
BRDA:6,0,1,0
BRDA:23,1,0,0
BRDA:23,1,1,0
BRDA:25,2,0,0
BRDA:25,2,1,0
BRF:6
BRH:0
end_of_record
TN:
SF:src\isEmpty.js
FN:45,isEmpty
FNF:1
FNH:1
FNDA:1,isEmpty
DA:9,1
DA:46,1
DA:47,0
DA:49,1
DA:52,1
DA:54,0
DA:55,0
DA:56,0
DA:58,0
DA:59,0
DA:61,0
DA:62,0
DA:63,0
DA:66,0
LF:14
LH:4
BRDA:46,0,0,0
BRDA:46,0,1,1
BRDA:49,1,0,1
BRDA:49,1,1,0
BRDA:49,2,0,1
BRDA:49,2,1,1
BRDA:49,2,2,0
BRDA:49,2,3,0
BRDA:49,2,4,0
BRDA:49,2,5,0
BRDA:49,2,6,0
BRDA:55,3,0,0
BRDA:55,3,1,0
BRDA:55,4,0,0
BRDA:55,4,1,0
BRDA:58,5,0,0
BRDA:58,5,1,0
BRDA:62,6,0,0
BRDA:62,6,1,0
BRF:19
BRH:4
end_of_record
TN:
SF:src\isLength.js
FN:28,isLength
FNF:1
FNH:1
FNDA:1,isLength
DA:2,2
DA:29,1
LF:2
LH:2
BRDA:29,0,0,1
BRDA:29,0,1,1
BRDA:29,0,2,1
BRDA:29,0,3,1
BRF:4
BRH:4
end_of_record
TN:
SF:src\isObject.js
FN:24,isObject
FNF:1
FNH:1
FNDA:2,isObject
DA:25,2
DA:26,2
LF:2
LH:2
BRDA:26,0,0,2
BRDA:26,0,1,2
BRDA:26,0,2,1
BRF:3
BRH:3
end_of_record
TN:
SF:src\isObjectLike.js
FN:23,isObjectLike
FNF:1
FNH:0
FNDA:0,isObjectLike
DA:24,0
LF:1
LH:0
BRDA:24,0,0,0
BRDA:24,0,1,0
BRF:2
BRH:0
end_of_record
TN:
SF:src\isSymbol.js
FN:18,isSymbol
FNF:1
FNH:1
FNDA:2,isSymbol
DA:19,2
DA:20,2
LF:2
LH:2
BRDA:20,0,0,2
BRDA:20,0,1,2
BRDA:20,0,2,0
BRDA:20,0,3,0
BRF:4
BRH:2
end_of_record
TN:
SF:src\isTypedArray.js
FN:27,(anonymous_0)
FN:28,(anonymous_1)
FNF:2
FNH:0
FNDA:0,(anonymous_0)
FNDA:0,(anonymous_1)
DA:6,2
DA:9,2
DA:26,2
DA:27,0
DA:28,0
LF:5
LH:3
BRDA:9,0,0,2
BRDA:9,0,1,0
BRDA:26,1,0,0
BRDA:26,1,1,2
BRDA:28,2,0,0
BRDA:28,2,1,0
BRF:6
BRH:2
end_of_record
TN:
SF:src\keys.js
FN:31,keys
FNF:1
FNH:0
FNDA:0,keys
DA:32,0
LF:1
LH:0
BRDA:32,0,0,0
BRDA:32,0,1,0
BRF:2
BRH:0
end_of_record
TN:
SF:src\map.js
FN:19,map
FNF:1
FNH:1
FNDA:1,map
DA:20,1
DA:21,1
DA:22,1
DA:24,1
DA:25,2
DA:27,1
LF:6
LH:6
BRDA:21,0,0,0
BRDA:21,0,1,1
BRF:2
BRH:1
end_of_record
TN:
SF:src\memoize.js
FN:43,memoize
FN:47,(anonymous_1)
FNF:2
FNH:0
FNDA:0,memoize
FNDA:0,(anonymous_1)
DA:44,0
DA:45,0
DA:47,0
DA:48,0
DA:49,0
DA:51,0
DA:52,0
DA:54,0
DA:55,0
DA:56,0
DA:58,0
DA:59,0
DA:62,0
LF:13
LH:0
BRDA:44,0,0,0
BRDA:44,0,1,0
BRDA:44,1,0,0
BRDA:44,1,1,0
BRDA:44,1,2,0
BRDA:48,2,0,0
BRDA:48,2,1,0
BRDA:51,3,0,0
BRDA:51,3,1,0
BRDA:55,4,0,0
BRDA:55,4,1,0
BRDA:58,5,0,0
BRDA:58,5,1,0
BRF:13
BRH:0
end_of_record
TN:
SF:src\reduce.js
FN:38,reduce
FNF:1
FNH:1
FNDA:1,reduce
DA:39,1
DA:40,1
DA:41,1
LF:3
LH:3
BRDA:39,0,0,1
BRDA:39,0,1,0
BRF:2
BRH:1
end_of_record
TN:
SF:src\slice.js
FN:21,slice
FNF:1
FNH:1
FNDA:3,slice
DA:22,3
DA:23,3
DA:24,0
DA:26,3
DA:27,3
DA:29,3
DA:30,0
DA:32,3
DA:33,0
DA:35,3
DA:36,3
DA:38,3
DA:39,3
DA:40,3
DA:41,6
DA:43,3
LF:16
LH:13
BRDA:22,0,0,0
BRDA:22,0,1,3
BRDA:23,1,0,0
BRDA:23,1,1,3
BRDA:26,2,0,0
BRDA:26,2,1,3
BRDA:27,3,0,1
BRDA:27,3,1,2
BRDA:29,4,0,0
BRDA:29,4,1,3
BRDA:30,5,0,0
BRDA:30,5,1,0
BRDA:32,6,0,0
BRDA:32,6,1,3
BRDA:35,7,0,0
BRDA:35,7,1,3
BRF:16
BRH:8
end_of_record
TN:
SF:src\toFinite.js
FN:28,toFinite
FNF:1
FNH:1
FNDA:1,toFinite
DA:4,1
DA:5,1
DA:29,1
DA:30,0
DA:32,1
DA:33,1
DA:34,0
DA:35,0
DA:37,1
LF:9
LH:6
BRDA:29,0,0,0
BRDA:29,0,1,1
BRDA:30,1,0,0
BRDA:30,1,1,0
BRDA:33,2,0,0
BRDA:33,2,1,1
BRDA:33,3,0,1
BRDA:33,3,1,1
BRDA:34,4,0,0
BRDA:34,4,1,0
BRDA:37,5,0,1
BRDA:37,5,1,0
BRF:12
BRH:5
end_of_record
TN:
SF:src\toInteger.js
FN:28,toInteger
FNF:1
FNH:1
FNDA:1,toInteger
DA:29,1
DA:30,1
DA:32,1
LF:3
LH:3
BRDA:32,0,0,0
BRDA:32,0,1,1
BRF:2
BRH:1
end_of_record
TN:
SF:src\toNumber.js
FN:44,toNumber
FNF:1
FNH:1
FNDA:2,toNumber
DA:5,2
DA:8,2
DA:11,2
DA:14,2
DA:17,2
DA:20,2
DA:45,2
DA:46,1
DA:48,1
DA:49,0
DA:51,1
DA:52,0
DA:53,0
DA:55,1
DA:56,0
DA:58,1
DA:59,1
DA:60,1
LF:18
LH:14
BRDA:45,0,0,1
BRDA:45,0,1,1
BRDA:48,1,0,0
BRDA:48,1,1,1
BRDA:51,2,0,0
BRDA:51,2,1,1
BRDA:52,3,0,0
BRDA:52,3,1,0
BRDA:53,4,0,0
BRDA:53,4,1,0
BRDA:55,5,0,0
BRDA:55,5,1,1
BRDA:56,6,0,0
BRDA:56,6,1,0
BRDA:60,7,0,0
BRDA:60,7,1,1
BRDA:60,8,0,1
BRDA:60,8,1,1
BRDA:61,9,0,0
BRDA:61,9,1,0
BRDA:62,10,0,0
BRDA:62,10,1,1
BRF:22
BRH:9
end_of_record
TN:
SF:src\toString.js
FN:25,toString
FN:33,(anonymous_1)
FNF:2
FNH:1
FNDA:3,toString
FNDA:0,(anonymous_1)
DA:4,3
DA:28,3
DA:29,2
DA:31,1
DA:33,0
DA:35,1
DA:36,0
DA:38,1
DA:39,1
LF:9
LH:7
BRDA:28,0,0,2
BRDA:28,0,1,1
BRDA:31,1,0,0
BRDA:31,1,1,1
BRDA:33,2,0,0
BRDA:33,2,1,0
BRDA:35,3,0,0
BRDA:35,3,1,1
BRDA:39,4,0,0
BRDA:39,4,1,1
BRDA:39,5,0,1
BRDA:39,5,1,0
BRF:12
BRH:6
end_of_record
TN:
SF:src\upperFirst.js
FNF:0
FNH:0
DA:19,3
LF:1
LH:1
BRF:0
BRH:0
end_of_record
TN:
SF:src\words.js
FN:10,asciiWords
FN:30,words
FNF:2
FNH:2
FNDA:1,asciiWords
FNDA:1,words
DA:3,1
DA:8,1
DA:11,1
DA:31,1
DA:32,1
DA:33,1
DA:35,0
LF:7
LH:6
BRDA:31,0,0,1
BRDA:31,0,1,0
BRDA:32,1,0,0
BRDA:32,1,1,1
BRDA:33,2,0,1
BRDA:33,2,1,0
BRDA:35,3,0,0
BRDA:35,3,1,0
BRF:8
BRH:3
end_of_record
